<?xml version="1.0" encoding="UTF-8"?>
<testng-results ignored="0" total="1" passed="1" failed="0" skipped="0">
  <reporter-output>
  </reporter-output>
  <suite started-at="2021-01-28T12:46:04 CST" name="Default suite" finished-at="2021-01-28T12:46:05 CST" duration-ms="981">
    <groups>
    </groups>
    <test started-at="2021-01-28T12:46:04 CST" name="Default test" finished-at="2021-01-28T12:46:05 CST" duration-ms="981">
      <class name="com.qa.test.POSTAPITest">
        <test-method is-config="true" signature="setUp()[pri:0, instance:com.qa.test.POSTAPITest@657c8ad9]" started-at="2021-01-28T12:46:04 CST" name="setUp" finished-at="2021-01-28T12:46:04 CST" duration-ms="3" status="PASS">
          <reporter-output>
          </reporter-output>
        </test-method> <!-- setUp -->
        <test-method signature="postCreateUserTest()[pri:0, instance:com.qa.test.POSTAPITest@657c8ad9]" started-at="2021-01-28T12:46:04 CST" name="postCreateUserTest" finished-at="2021-01-28T12:46:05 CST" duration-ms="955" status="PASS">
          <reporter-output>
          </reporter-output>
        </test-method> <!-- postCreateUserTest -->
      </class> <!-- com.qa.test.POSTAPITest -->
    </test> <!-- Default test -->
  </suite> <!-- Default suite -->
</testng-results>
